*******************************************
****               ORHLE               ****
**** k-Liveness Hyperproperty Verifier ****
*******************************************

:: Executions
  refinement (forall)
  original (exists)

:: Verification Conditions
  (=> (and (= original!list_0 refinement!list_0)
           (= original!list_1 refinement!list_1)
           (= original!list_2 refinement!list_2))
      (and true
           (=> (or (and (= scrambled_0 list_0)
                        (= scrambled_1 list_1)
                        (= scrambled_2 list_2))
                   (and (= scrambled_0 list_0)
                        (= scrambled_1 list_2)
                        (= scrambled_2 list_1))
                   (and (= scrambled_0 list_1)
                        (= scrambled_1 list_0)
                        (= scrambled_2 list_2))
                   (and (= scrambled_0 list_1)
                        (= scrambled_1 list_2)
                        (= scrambled_2 list_0))
                   (and (= scrambled_0 list_2)
                        (= scrambled_1 list_0)
                        (= scrambled_2 list_1))
                   (and (= scrambled_0 list_2)
                        (= scrambled_1 list_1)
                        (= scrambled_2 list_0)))
               (and (<= n0 n1)
                    (<= n1 n2)
                    (or (and (= n0 list_0) (= n1 list_1) (= n2 list_2))
                        (and (= n0 list_0) (= n1 list_2) (= n2 list_1))
                        (and (= n0 list_1) (= n1 list_0) (= n2 list_2))
                        (and (= n0 list_1) (= n1 list_2) (= n2 list_0))
                        (and (= n0 list_2) (= n1 list_0) (= n2 list_1))
                        (and (= n0 list_2) (= n1 list_1) (= n2 list_0)))
                    (= sorted_0 n0)
                    (= sorted_1 n1)
                    (= sorted_2 n2)
                    (forall ((original!sorted_0!0 Int)
                             (original!sorted_1!1 Int)
                             (original!sorted_2!2 Int))
                      (or (not (and (= sorted_0 n0)
                                    (= sorted_1 n1)
                                    (= sorted_2 n2)))
                          (and (= original!sorted_0!0
                                  (+ (- 3) refinement!scrambled_0 3))
                               (= original!sorted_1!1
                                  (+ (- 3) refinement!scrambled_1 3))
                               (= original!sorted_2!2
                                  (+ (- 3) refinement!scrambled_2 3)))))))))

Invalid. Model:
  list_0 -> 1
  list_1 -> 2
  list_2 -> 3
  n0 -> 0
  n1 -> 0
  n2 -> 0
  original!list_0 -> 6
  original!list_1 -> 7
  original!list_2 -> 8
  refinement!list_0 -> 6
  refinement!list_1 -> 7
  refinement!list_2 -> 8
  refinement!scrambled_2 -> 5
  scrambled_0 -> 3
  scrambled_1 -> 2
  scrambled_2 -> 1
  sorted_0 -> 0
  sorted_1 -> 0
  sorted_2 -> 0

real	0m0.259s
user	0m0.218s
sys	0m0.028s
