*******************************************
****               ORHLE               ****
**** k-Liveness Hyperproperty Verifier ****
*******************************************

:: Executions
  refinement (forall)
  original (exists)

:: Verification Conditions
  (=> true
      (and true
           (=> (or (= refinement!n 0) (= refinement!n 1))
               (and (=> (= refinement!r 0)
                        (and (exists ((original!n Int))
                               (let ((a!1 (exists ((original!r!0 Int))
                                            (= original!r!0 original!n))))
                                 (and (or (= original!n 0) (= original!n 1))
                                      a!1
                                      (forall ((original!r!0 Int))
                                        (or (not (= original!r!0 original!n))
                                            (and (or (not (= original!r!0 0))
                                                     (= 10 10))
                                                 (or (= 20 10) (= original!r!0 0))))))))))
                    (=> (not (= refinement!r 0))
                        (and (exists ((original!n Int))
                               (let ((a!1 (exists ((original!r!0 Int))
                                            (= original!r!0 original!n))))
                                 (and (or (= original!n 0) (= original!n 1))
                                      a!1
                                      (forall ((original!r!0 Int))
                                        (or (not (= original!r!0 original!n))
                                            (and (or (not (= original!r!0 0))
                                                     (= 10 30))
                                                 (or (= 20 30) (= original!r!0 0))))))))))))))

Invalid. Model:
  refinement!n -> 0
  refinement!r -> 2

real	0m0.198s
user	0m0.193s
sys	0m0.018s
