*******************************************
****               ORHLE               ****
**** k-Liveness Hyperproperty Verifier ****
*******************************************

:: Executions
  refinement (forall)
  original (exists)

:: Verification Conditions
  (=> true
      (and (<= 0 0)
           (< 0 110)
           (forall ((refinement!r Int) (refinement!sum Int))
             (=> (and (<= refinement!sum 100)
                      (and (<= 0 refinement!sum) (< refinement!sum 110)))
                 (and true
                      (=> (and (<= 0 refinement!r)
                               (< refinement!r 10)
                               (= (mod refinement!r 2) 1))
                          (and (<= 0 (+ refinement!sum refinement!r))
                               (< (+ refinement!sum refinement!r) 110))))))
           (forall ((refinement!r Int) (refinement!sum Int))
             (=> (and (not (<= refinement!sum 100))
                      (and (<= 0 refinement!sum) (< refinement!sum 110)))
                 (and (not (<= refinement!sum 100))
                      (not (<= 110 refinement!sum))
                      (forall ((original!sum Int))
                        (or (not (and (<= original!sum 100)
                                      (or (not (<= original!sum 100))
                                          (and (not (<= refinement!sum 100))
                                               (not (<= 110 refinement!sum))))
                                      (or (<= original!sum 100)
                                          (= original!sum refinement!sum))))
                            (exists ((original!n Int))
                              (and (<= 0 original!n)
                                   (not (<= 10 original!n))
                                   (exists ((original!r!0 Int))
                                     (= original!r!0 original!n))
                                   (forall ((original!r!0 Int))
                                     (or (not (= original!r!0 original!n))
                                         (and (or (not (<= (+ original!sum
                                                              original!r!0)
                                                           100))
                                                  (and (not (<= refinement!sum
                                                                100))
                                                       (not (<= 110
                                                                refinement!sum))))
                                              (or (<= (+ original!sum
                                                         original!r!0)
                                                      100)
                                                  (= (+ original!sum original!r!0)
                                                     refinement!sum)))))))))
                      (forall ((original!sum Int))
                        (or (not (and (not (<= original!sum 100))
                                      (or (not (<= original!sum 100))
                                          (and (not (<= refinement!sum 100))
                                               (not (<= 110 refinement!sum))))
                                      (or (<= original!sum 100)
                                          (= original!sum refinement!sum))))
                            (= original!sum refinement!sum))))))))

Valid.

real	0m0.205s
user	0m0.207s
sys	0m0.013s
