*******************************************
****               ORHLE               ****
**** k-Liveness Hyperproperty Verifier ****
*******************************************

:: Executions
  p[refinement] (forall)
  p[original] (exists)

:: Verification Conditions
  (=> true
      (and true
           (=> (and (>= p!refinement!x 0)
                    (< p!refinement!x 20)
                    (= (mod p!refinement!x 2) 1))
               (exists ((p!original!n Int))
                 (and (>= p!original!n 0)
                      (not (<= 20 p!original!n))
                      (exists ((p!original!x!0 Int))
                        (= p!original!x!0 p!original!n))
                      (forall ((p!original!x!0 Int))
                        (or (not (= p!original!x!0 p!original!n))
                            (= p!original!x!0 p!refinement!x))))))))

Valid.

real	0m0.200s
user	0m0.181s
sys	0m0.018s
