Running backward relational analysis...

*******************************************
****               ORHLE               ****
****     The Oracular RHLE Verifier    ****
*******************************************

:: Executions
  body (exists)

:: Universal Programs
    

:: Existential Programs
    --------
    body!p := 0;
    while body!y > 0
      body!y := body!y - 1
    end;
    body!p := -1;
    body!body!retVal := 0;

:: Precondition
true

:: Postcondition
(not (> body!p 0))

Valid.

real	0m0.207s
user	0m0.186s
sys	0m0.012s
