Running backward relational analysis...

*******************************************
****               ORHLE               ****
****     The Oracular RHLE Verifier    ****
*******************************************

:: Executions
  body (forall)

:: Universal Programs
    --------
    body!p := 0;
    while body!y > 0
      body!y := body!y - 1
    end;
    body!p := 1;
    body!body!retVal := 0;

:: Existential Programs
    

:: Precondition
true

:: Postcondition
(> body!p 0)

Valid.

real	0m0.208s
user	0m0.176s
sys	0m0.021s
