Running backward relational analysis...

*******************************************
****               ORHLE               ****
****     The Oracular RHLE Verifier    ****
*******************************************

:: Executions
  body (exists)

:: Universal Programs
    

:: Existential Programs
    --------
    body!x := body!arbitrary();
    body!p := 0;
    if body!x > 0 then
      body!p := body!p + 1
    else
      while body!y > 0
        body!y := body!y - 1
      end;
      body!p := 0;
    endif;
    body!body!retVal := 0;

:: Precondition
true

:: Postcondition
(not (> body!p 0))

Valid.

real	0m0.211s
user	0m0.195s
sys	0m0.013s
