Running backward relational analysis...

*******************************************
****               ORHLE               ****
****     The Oracular RHLE Verifier    ****
*******************************************

:: Executions
  body (exists)

:: Universal Programs
    

:: Existential Programs
    --------
    body!p := 0;
    body!x := 5;
    while body!x >= 0
      body!rho := body!nondet();
      if body!rho > 0 then
        body!x := body!x - 1
      else
        body!p := 0
      endif;
    end;
    while body!y >= 0
      body!y := body!y - 1
    end;
    body!p := 1;
    body!body!retVal := 0;

:: Precondition
true

:: Postcondition
(> body!p 0)

Valid.

real	0m0.218s
user	0m0.172s
sys	0m0.033s
