*******************************************
****               ORHLE               ****
**** k-Liveness Hyperproperty Verifier ****
*******************************************

:: Executions
  buy[1] (forall)
  buy[2] (forall)
  buy[3] (exists)

:: Verification Conditions
  (=> (and (= buy!1!funds buy!3!funds)
           (= (>= buy!1!funds buy!1!cost) (>= buy!2!funds buy!2!cost))
           (= buy!1!spent buy!2!spent)
           (= buy!1!cost buy!2!cost)
           (= (>= buy!2!funds buy!2!cost) (>= buy!3!funds buy!3!cost))
           (= buy!2!spent buy!3!spent)
           (= buy!2!cost buy!3!cost))
      (and (=> (>= buy!2!funds buy!2!cost)
               (and (or (not (>= buy!1!funds buy!1!cost))
                        (and (or (not (>= buy!3!funds buy!3!cost))
                                 (= (+ buy!2!spent buy!2!cost)
                                    (+ buy!3!spent buy!3!cost)))
                             (or (>= buy!3!funds buy!3!cost)
                                 (= (+ buy!2!spent buy!2!cost) buy!3!spent))))
                    (or (>= buy!1!funds buy!1!cost)
                        (and (or (not (>= buy!3!funds buy!3!cost))
                                 (= (+ buy!2!spent buy!2!cost)
                                    (+ buy!3!spent buy!3!cost)))
                             (or (>= buy!3!funds buy!3!cost)
                                 (= (+ buy!2!spent buy!2!cost) buy!3!spent))))))
           (=> (not (>= buy!2!funds buy!2!cost))
               (and (or (not (>= buy!1!funds buy!1!cost))
                        (and (or (not (>= buy!3!funds buy!3!cost))
                                 (= buy!2!spent (+ buy!3!spent buy!3!cost)))
                             (or (>= buy!3!funds buy!3!cost)
                                 (= buy!2!spent buy!3!spent))))
                    (or (>= buy!1!funds buy!1!cost)
                        (and (or (not (>= buy!3!funds buy!3!cost))
                                 (= buy!2!spent (+ buy!3!spent buy!3!cost)))
                             (or (>= buy!3!funds buy!3!cost)
                                 (= buy!2!spent buy!3!spent))))))))

Valid.

real	0m0.207s
user	0m0.187s
sys	0m0.028s
