*******************************************
****               ORHLE               ****
**** k-Liveness Hyperproperty Verifier ****
*******************************************

:: Executions
  unused[1A] (exists)
  unused[1B] (exists)
  unused[2A] (exists)
  unused[2B] (exists)

:: Verification Conditions
  (=> (and (not (= unused!1A!param1 unused!1B!param1))
           (= unused!1A!param2 unused!1B!param2)
           (= unused!2A!param1 unused!2B!param1)
           (not (= unused!2A!param2 unused!2B!param2)))
      (and (exists ((unused!2B!n Int))
             (and (or (= unused!2B!n 0) (= unused!2B!n 1))
                  (exists ((unused!2B!r!3 Int)) (= unused!2B!r!3 unused!2B!n))
                  (forall ((unused!2B!r!3 Int))
                    (let ((a!1 (exists ((unused!2A!n Int))
                                 (and (or (= unused!2A!n 0) (= unused!2A!n 1))
                                      (exists ((unused!2A!r!2 Int))
                                        (= unused!2A!r!2 unused!2A!n))
                                      (forall ((unused!2A!r!2 Int))
                                        (let ((a!1 (exists ((unused!1B!n Int))
                                                     (and (or (= unused!1B!n 0)
                                                              (= unused!1B!n 1))
                                                          (exists ((unused!1B!r!1 Int))
                                                            (= unused!1B!r!1
                                                               unused!1B!n))
                                                          (forall ((unused!1B!r!1 Int))
                                                            (let ((a!1 (exists ((unused!1A!n Int))
                                                                         (and (or (= unused!1A!n
                                                                                     0)
                                                                                  (= unused!1A!n
                                                                                     1))
                                                                              (exists ((unused!1A!r!0 Int))
                                                                                (= unused!1A!r!0
                                                                                   unused!1A!n))
                                                                              (forall ((unused!1A!r!0 Int))
                                                                                (or (not (= unused!1A!r!0
                                                                                            unused!1A!n))
                                                                                    (and (or (not (= unused!1A!r!0
                                                                                                     0))
                                                                                             (and (not (= unused!1A!param1
                                                                                                          unused!1B!param1))
                                                                                                  (not (= unused!2A!param1
                                                                                                          unused!2B!param1))))
                                                                                         (or (= unused!1A!r!0
                                                                                                0)
                                                                                             (and (not (= unused!1A!param1
                                                                                                          unused!1B!param1))
                                                                                                  (not (= unused!2A!param1
                                                                                                          unused!2B!param1)))))))))))
                                                              (or (not (= unused!1B!r!1
                                                                          unused!1B!n))
                                                                  (and (or (not (= unused!1B!r!1
                                                                                   0))
                                                                           a!1)
                                                                       (or (= unused!1B!r!1
                                                                              0)
                                                                           a!1)))))))))
                                          (or (not (= unused!2A!r!2 unused!2A!n))
                                              (and (or (not (= unused!2A!r!2 0))
                                                       a!1)
                                                   (or (= unused!2A!r!2 0) a!1)))))))))
                      (or (not (= unused!2B!r!3 unused!2B!n))
                          (and (or (not (= unused!2B!r!3 0)) a!1)
                               (or (= unused!2B!r!3 0) a!1)))))))))

Invalid. Model:
  unused!1A!param1 -> 2
  unused!1A!param2 -> 4
  unused!1B!param1 -> 3
  unused!1B!param2 -> 4
  unused!2A!param1 -> 5
  unused!2A!param2 -> 6
  unused!2B!param1 -> 5
  unused!2B!param2 -> 7

real	0m0.242s
user	0m0.221s
sys	0m0.043s
