*******************************************
****               ORHLE               ****
**** k-Liveness Hyperproperty Verifier ****
*******************************************

:: Executions
  unused[1A] (exists)
  unused[1B] (exists)
  unused[2A] (exists)
  unused[2B] (exists)

:: Verification Conditions
  (=> (and (not (= unused!1A!param1 unused!1B!param1))
           (= unused!1A!param2 unused!1B!param2)
           (= unused!2A!param1 unused!2B!param1)
           (not (= unused!2A!param2 unused!2B!param2)))
      (and (not (= unused!1A!param1 unused!1B!param1))
           (not (= unused!2A!param1 unused!2B!param1))))

Invalid. Model:
  unused!1A!param1 -> 0
  unused!1A!param2 -> 2
  unused!1B!param1 -> 1
  unused!1B!param2 -> 2
  unused!2A!param1 -> 3
  unused!2A!param2 -> 4
  unused!2B!param1 -> 3
  unused!2B!param2 -> 5

real	0m0.211s
user	0m0.203s
sys	0m0.018s
