Running backward relational analysis...

*******************************************
****               ORHLE               ****
****     The Oracular RHLE Verifier    ****
*******************************************

:: Executions
  unused[1A] (forall)
  unused[2A] (forall)
  unused[1B] (exists)
  unused[2B] (exists)

:: Universal Programs
    --------
    unused!1A!ret := unused!1A!flip();
    unused!1A!unused!retVal := unused!1A!ret;
    --------
    unused!2A!ret := unused!2A!flip();
    unused!2A!unused!retVal := unused!2A!ret;

:: Existential Programs
    --------
    unused!1B!ret := unused!1B!flip();
    unused!1B!unused!retVal := unused!1B!ret;
    --------
    unused!2B!ret := unused!2B!flip();
    unused!2B!unused!retVal := unused!2B!ret;

:: Precondition
(and
 (= unused!1A!param1 unused!1B!param1)
 (not (= unused!1A!param2 unused!1B!param2))
 (not (= unused!2A!param1 unused!2B!param1))
 (= unused!2A!param2 unused!2B!param2))

:: Postcondition
(or (= unused!1A!ret unused!1B!ret) (= unused!2A!ret unused!2B!ret))

Valid.

real	0m0.211s
user	0m0.188s
sys	0m0.020s
