Running backward relational analysis...

*******************************************
****               ORHLE               ****
****     The Oracular RHLE Verifier    ****
*******************************************

:: Executions
  unused[1A] (forall)
  unused[2A] (forall)
  unused[1B] (exists)
  unused[2B] (exists)

:: Universal Programs
    --------
    unused!1A!x := unused!1A!param1 + unused!1A!param2;
    unused!1A!y := unused!1A!x - unused!1A!param2;
    unused!1A!ret := unused!1A!y;
    unused!1A!unused!retVal := unused!1A!ret;
    --------
    unused!2A!x := unused!2A!param1 + unused!2A!param2;
    unused!2A!y := unused!2A!x - unused!2A!param2;
    unused!2A!ret := unused!2A!y;
    unused!2A!unused!retVal := unused!2A!ret;

:: Existential Programs
    --------
    unused!1B!x := unused!1B!param1 + unused!1B!param2;
    unused!1B!y := unused!1B!x - unused!1B!param2;
    unused!1B!ret := unused!1B!y;
    unused!1B!unused!retVal := unused!1B!ret;
    --------
    unused!2B!x := unused!2B!param1 + unused!2B!param2;
    unused!2B!y := unused!2B!x - unused!2B!param2;
    unused!2B!ret := unused!2B!y;
    unused!2B!unused!retVal := unused!2B!ret;

:: Precondition
(and
 (= unused!1A!param1 unused!1B!param1)
 (not (= unused!1A!param2 unused!1B!param2))
 (not (= unused!2A!param1 unused!2B!param1))
 (= unused!2A!param2 unused!2B!param2))

:: Postcondition
(or (= unused!1A!ret unused!1B!ret) (= unused!2A!ret unused!2B!ret))

Valid.

real	0m0.215s
user	0m0.175s
sys	0m0.037s
