*******************************************
****               ORHLE               ****
****     The Oracular RHLE Verifier    ****
*******************************************

:: Executions
  play (exists)

:: Verification Conditions
  (=> (and (>= play!handValue 2) (<= play!handValue 20))
      (and (<= play!handValue 21)
           (forall ((play!handValue!1 Int))
             (! (or (not (and (not (<= 21 play!handValue!1))
                              (<= play!handValue!1 21)))
                    (exists ((play!c Int))
                      (! (and (>= play!c 1)
                              (<= play!c 10)
                              (exists ((play!card!2 Int))
                                (! (= play!card!2 play!c) :weight 0))
                              (forall ((play!card!2 Int))
                                (! (or (not (= play!card!2 play!c))
                                       (and (<= (+ play!handValue!1 play!card!2)
                                                21)
                                            (not (<= play!card!2 0))))
                                   :weight 0)))
                         :weight 0)))
                :weight 0))
           (forall ((play!handValue!1 Int))
             (! (or (not (and (<= 21 play!handValue!1) (<= play!handValue!1 21)))
                    (= play!handValue!1 21))
                :weight 0))))

Valid.

real	0m0.120s
user	0m0.085s
sys	0m0.075s
