Running backward relational analysis...

*******************************************
****               ORHLE               ****
****     The Oracular RHLE Verifier    ****
*******************************************

:: Executions
  refinement (forall)
  original (exists)

:: Universal Programs
    --------
    refinement!r := refinement!flipCoin();
    if refinement!r == 0 then
      refinement!ret := 10
    else
      refinement!ret := 30
    endif;
    refinement!refinement!retVal := refinement!ret;

:: Existential Programs
    --------
    original!r := original!flipCoin();
    if original!r == 0 then
      original!ret := 10
    else
      original!ret := 20
    endif;
    original!original!retVal := original!ret;

:: Precondition
true

:: Postcondition
(= original!ret refinement!ret)

Failure:
  Verification conditions are invalid. Model: (model)

real	0m0.209s
user	0m0.190s
sys	0m0.015s
