Running backward relational analysis...
[RelationalPTS] SMT solver returned unknown when determining invariance on loop body.

*******************************************
****               ORHLE               ****
****     The Oracular RHLE Verifier    ****
*******************************************

:: Executions
  refinement (forall)
  original (exists)

:: Universal Programs
    --------
    refinement!sum := 0;
    while refinement!sum <= 100
      refinement!r := refinement!randEven();
      refinement!sum := refinement!sum + refinement!r;
    end;
    refinement!refinement!retVal := refinement!sum;

:: Existential Programs
    --------
    original!sum := 0;
    while original!sum <= 100
      original!r := original!rand();
      original!sum := original!sum + original!r;
    end;
    original!original!retVal := original!sum;

:: Precondition
true

:: Postcondition
(= original!sum refinement!sum)

Failure:
  Verification conditions are invalid. Model: ()

real	0m1.366s
user	0m0.237s
sys	0m0.030s
