Running backward relational analysis...

*******************************************
****               ORHLE               ****
****     The Oracular RHLE Verifier    ****
*******************************************

:: Executions
  refinement (forall)
  original (exists)

:: Universal Programs
    --------
    refinement!x := refinement!refinedRand();
    refinement!refinement!retVal := refinement!x;

:: Existential Programs
    --------
    original!x := original!originalRand();
    original!original!retVal := original!x;

:: Precondition
true

:: Postcondition
(= original!x refinement!x)

Failure:
  Verification conditions are invalid. Model: (model)

real	0m0.209s
user	0m0.184s
sys	0m0.012s
