./experiments/api-refinement/add3-shuffled.imp... ✔  (218 ms)
./experiments/api-refinement/add3-sorted.imp... ✔  (218 ms)
./experiments/api-refinement/conditional-nonrefinement.imp... ✔  (216 ms)
./experiments/api-refinement/conditional-refinement.imp... ✔  (216 ms)
./experiments/api-refinement/loop-nonrefinement.imp... ✔  (229 ms)
./experiments/api-refinement/loop-refinement2.imp... ❌  (1367 ms)
./experiments/api-refinement/loop-refinement.imp... ✔  (236 ms)
./experiments/api-refinement/perm-inv-refinement.imp... ✔  (267 ms)
./experiments/api-refinement/simple-nonrefinement.imp... ✔  (229 ms)
./experiments/api-refinement/simple-refinement.imp... ✔  (217 ms)
./experiments/blackjack/do-nothing.imp... ✔  (217 ms)
./experiments/blackjack/draw-once.imp... ✔  (228 ms)
./experiments/blackjack/draw-until-21.imp... ✔  (230 ms)
./experiments/ctl/afefp-succeed.imp... ✔  (259 ms)
./experiments/ctl/afegp-fail.imp... ✔  (237 ms)
./experiments/ctl/afp-fail.imp... ✔  (217 ms)
./experiments/ctl/afp-succeed.imp... ✔  (238 ms)
./experiments/ctl/agafp-fail.imp... ✔  (220 ms)
./experiments/ctl/agafp-succeed.imp... ✔  (220 ms)
./experiments/ctl/agefp-succeed.imp... ✔  (222 ms)
./experiments/ctl/efafp-succeed.imp... ✔  (245 ms)
./experiments/ctl/efagp-succeed.imp... ✔  (226 ms)
./experiments/delimited-release/avg-salaries.imp... ✔  (218 ms)
./experiments/delimited-release/avg-salaries-no-dr.imp... ✔  (216 ms)
./experiments/delimited-release/conditional.imp... ✔  (224 ms)
./experiments/delimited-release/conditional-leak.imp... ✔  (224 ms)
./experiments/delimited-release/conditional-no-dr.imp... ✔  (222 ms)
./experiments/delimited-release/median.imp... ✔  (238 ms)
./experiments/delimited-release/median-no-dr.imp... ✔  (253 ms)
./experiments/delimited-release/parity2.imp... ✔  (219 ms)
./experiments/delimited-release/parity-fun.imp... ✔  (222 ms)
./experiments/delimited-release/parity.imp... ✔  (225 ms)
./experiments/delimited-release/parity-no-dr.imp... ✔  (217 ms)
./experiments/delimited-release/wallet.imp... ✔  (218 ms)
./experiments/delimited-release/wallet-no-dr.imp... ✔  (217 ms)
./experiments/flaky-tests/httpRequest.imp... ✔  (217 ms)
./experiments/flaky-tests/sleepAndContinue.imp... ✔  (245 ms)
./experiments/gni/denning1.imp... ✔  (227 ms)
./experiments/gni/denning2.imp... ✔  (229 ms)
./experiments/gni/denning3.imp... ✔  (227 ms)
./experiments/gni/nondet-leak2.imp... ✔  (225 ms)
./experiments/gni/nondet-leak.imp... ✔  (224 ms)
./experiments/gni/nondet-nonleak2.imp... ✔  (219 ms)
./experiments/gni/nondet-nonleak.imp... ✔  (216 ms)
./experiments/gni/simple-leak.imp... ✔  (217 ms)
./experiments/gni/simple-nonleak.imp... ✔  (219 ms)
./experiments/gni/smith1.imp... ✔  (216 ms)
./experiments/param-usage/coin-unused.imp... ✔  (220 ms)
./experiments/param-usage/det-unused.imp... ✔  (219 ms)
./experiments/param-usage/even-odd.imp... ✔  (245 ms)
./experiments/param-usage/nondet-unused.imp... ✔  (230 ms)
./experiments/param-usage/nondet-used.imp... ✔  (231 ms)
./experiments/param-usage/semantically-unused.imp... ✔  (216 ms)
./experiments/param-usage/three-used.imp... ✔  (216 ms)