Replacements: fromList [(unused!1B!r,unused!1B!r!1)]
Replacements: fromList [(unused!2B!r,unused!2B!r!1)]

*******************************************
****               ORHLE               ****
****     The Oracular RHLE Verifier    ****
*******************************************

:: Executions
  unused[1A] (forall)
  unused[2A] (forall)
  unused[1B] (exists)
  unused[2B] (exists)

Universal Programs:
[ SSeq
    [ SAsgn unused !
        1A !
        x (AAdd (AVar unused ! 1A ! param1) (AVar unused ! 1A ! param2))
    , SCall
        SFun { fName = unused ! 1A ! flip , fParams = [] }
        [ unused ! 1A ! r ]
    , SIf
        (BEq (AVar unused ! 1A ! r) (ALit 0))
        (SAsgn unused !
           1A ! ret (ASub (AVar unused ! 1A ! x) (AVar unused ! 1A ! param2)))
        (SAsgn unused ! 1A ! ret (AVar unused ! 1A ! param1))
    ]
, SSeq
    [ SAsgn unused !
        2A !
        x (AAdd (AVar unused ! 2A ! param1) (AVar unused ! 2A ! param2))
    , SCall
        SFun { fName = unused ! 2A ! flip , fParams = [] }
        [ unused ! 2A ! r ]
    , SIf
        (BEq (AVar unused ! 2A ! r) (ALit 0))
        (SAsgn unused !
           2A ! ret (ASub (AVar unused ! 2A ! x) (AVar unused ! 2A ! param2)))
        (SAsgn unused ! 2A ! ret (AVar unused ! 2A ! param1))
    ]
]

Existential Programs:
[ SSeq
    [ SAsgn unused !
        1B !
        x (AAdd (AVar unused ! 1B ! param1) (AVar unused ! 1B ! param2))
    , SCall
        SFun { fName = unused ! 1B ! flip , fParams = [] }
        [ unused ! 1B ! r ]
    , SIf
        (BEq (AVar unused ! 1B ! r) (ALit 0))
        (SAsgn unused !
           1B ! ret (ASub (AVar unused ! 1B ! x) (AVar unused ! 1B ! param2)))
        (SAsgn unused ! 1B ! ret (AVar unused ! 1B ! param1))
    ]
, SSeq
    [ SAsgn unused !
        2B !
        x (AAdd (AVar unused ! 2B ! param1) (AVar unused ! 2B ! param2))
    , SCall
        SFun { fName = unused ! 2B ! flip , fParams = [] }
        [ unused ! 2B ! r ]
    , SIf
        (BEq (AVar unused ! 2B ! r) (ALit 0))
        (SAsgn unused !
           2B ! ret (ASub (AVar unused ! 2B ! x) (AVar unused ! 2B ! param2)))
        (SAsgn unused ! 2B ! ret (AVar unused ! 2B ! param1))
    ]
]

Universal Specifications:
fromList [(unused!1A!flip,Spec {params = [], choiceVars = [], preCondition = true, postCondition = (or (= ret! 0) (= ret! 1))}),(unused!2A!flip,Spec {params = [], choiceVars = [], preCondition = true, postCondition = (or (= ret! 0) (= ret! 1))})]

Existential Specifications:
fromList [(unused!1B!flip,Spec {params = [], choiceVars = [(unused!1B!n int)], preCondition = (or (= unused!1B!n 0) (= unused!1B!n 1)), postCondition = (= ret! unused!1B!n)}),(unused!2B!flip,Spec {params = [], choiceVars = [(unused!2B!n int)], preCondition = (or (= unused!2B!n 0) (= unused!2B!n 1)), postCondition = (= ret! unused!2B!n)})]

Precondition:
  (and (= unused!1A!param1 unused!1B!param1) (not (= unused!1A!param2 unused!1B!param2)) (not (= unused!2A!param1 unused!2B!param1)) (= unused!2A!param2 unused!2B!param2))

Postcondition:
  (or (= unused!1A!ret unused!1B!ret) (= unused!2A!ret unused!2B!ret))

[send->] (set-option :print-success true )
[<-recv] success
[send->] (set-option :produce-models true )
[<-recv] success
[send->] (declare-const unused!1A!param1 Int)
[<-recv] success
[send->] (declare-const unused!1A!param2 Int)
[<-recv] success
[send->] (declare-const unused!1A!r Int)
[<-recv] success
[send->] (declare-const unused!1B!param1 Int)
[<-recv] success
[send->] (declare-const unused!1B!param2 Int)
[<-recv] success
[send->] (declare-const unused!2A!param1 Int)
[<-recv] success
[send->] (declare-const unused!2A!param2 Int)
[<-recv] success
[send->] (declare-const unused!2A!r Int)
[<-recv] success
[send->] (declare-const unused!2B!param1 Int)
[<-recv] success
[send->] (declare-const unused!2B!param2 Int)
[<-recv] success
[send->] (assert (not (=> (and (= unused!1A!param1 unused!1B!param1)
              (not (= unused!1A!param2 unused!1B!param2))
              (not (= unused!2A!param1 unused!2B!param1))
              (= unused!2A!param2 unused!2B!param2))
         (and true
              (=> (or (= unused!2A!r 0) (= unused!2A!r 1))
                  (and (=> (= unused!2A!r 0)
                           (and true
                                (=> (or (= unused!1A!r 0) (= unused!1A!r 1))
                                    (and (=> (= unused!1A!r 0)
                                             (exists ((unused!2B!n Int))
                                                (and (or (= unused!2B!n 0) (= unused!2B!n 1))
                                                     (exists ((unused!2B!r!1 Int))
                                                        (= unused!2B!r!1 unused!2B!n))
                                                     (forall ((unused!2B!r!1 Int))
                                                        (=> (= unused!2B!r!1 unused!2B!n)
                                                            (and (=> (= unused!2B!r!1 0)
                                                                     (exists ((unused!1B!n Int))
                                                                        (and (or (= unused!1B!n 0)
                                                                                 (= unused!1B!n 1))
                                                                             (exists ((unused!1B!r!1 Int))
                                                                                (= unused!1B!r!1
                                                                                   unused!1B!n))
                                                                             (forall ((unused!1B!r!1 Int))
                                                                                (=> (= unused!1B!r!1
                                                                                       unused!1B!n)
                                                                                    (and (=> (= unused!1B!r!1
                                                                                                0)
                                                                                             (or (= (- (+ unused!1A!param1
                                                                                                          unused!1A!param2)
                                                                                                       unused!1A!param2)
                                                                                                    (- (+ unused!1B!param1
                                                                                                          unused!1B!param2)
                                                                                                       unused!1B!param2))
                                                                                                 (= (- (+ unused!2A!param1
                                                                                                          unused!2A!param2)
                                                                                                       unused!2A!param2)
                                                                                                    (- (+ unused!2B!param1
                                                                                                          unused!2B!param2)
                                                                                                       unused!2B!param2))))
                                                                                         (=> (not (= unused!1B!r!1
                                                                                                     0))
                                                                                             (or (= (- (+ unused!1A!param1
                                                                                                          unused!1A!param2)
                                                                                                       unused!1A!param2)
                                                                                                    unused!1B!param1)
                                                                                                 (= (- (+ unused!2A!param1
                                                                                                          unused!2A!param2)
                                                                                                       unused!2A!param2)
                                                                                                    (- (+ unused!2B!param1
                                                                                                          unused!2B!param2)
                                                                                                       unused!2B!param2))))))))))
                                                                 (=> (not (= unused!2B!r!1 0))
                                                                     (exists ((unused!1B!n Int))
                                                                        (and (or (= unused!1B!n 0)
                                                                                 (= unused!1B!n 1))
                                                                             (exists ((unused!1B!r!1 Int))
                                                                                (= unused!1B!r!1
                                                                                   unused!1B!n))
                                                                             (forall ((unused!1B!r!1 Int))
                                                                                (=> (= unused!1B!r!1
                                                                                       unused!1B!n)
                                                                                    (and (=> (= unused!1B!r!1
                                                                                                0)
                                                                                             (or (= (- (+ unused!1A!param1
                                                                                                          unused!1A!param2)
                                                                                                       unused!1A!param2)
                                                                                                    (- (+ unused!1B!param1
                                                                                                          unused!1B!param2)
                                                                                                       unused!1B!param2))
                                                                                                 (= (- (+ unused!2A!param1
                                                                                                          unused!2A!param2)
                                                                                                       unused!2A!param2)
                                                                                                    unused!2B!param1)))
                                                                                         (=> (not (= unused!1B!r!1
                                                                                                     0))
                                                                                             (or (= (- (+ unused!1A!param1
                                                                                                          unused!1A!param2)
                                                                                                       unused!1A!param2)
                                                                                                    unused!1B!param1)
                                                                                                 (= (- (+ unused!2A!param1
                                                                                                          unused!2A!param2)
                                                                                                       unused!2A!param2)
                                                                                                    unused!2B!param1)))))))))))))))
                                         (=> (not (= unused!1A!r 0))
                                             (exists ((unused!2B!n Int))
                                                (and (or (= unused!2B!n 0) (= unused!2B!n 1))
                                                     (exists ((unused!2B!r!1 Int))
                                                        (= unused!2B!r!1 unused!2B!n))
                                                     (forall ((unused!2B!r!1 Int))
                                                        (=> (= unused!2B!r!1 unused!2B!n)
                                                            (and (=> (= unused!2B!r!1 0)
                                                                     (exists ((unused!1B!n Int))
                                                                        (and (or (= unused!1B!n 0)
                                                                                 (= unused!1B!n 1))
                                                                             (exists ((unused!1B!r!1 Int))
                                                                                (= unused!1B!r!1
                                                                                   unused!1B!n))
                                                                             (forall ((unused!1B!r!1 Int))
                                                                                (=> (= unused!1B!r!1
                                                                                       unused!1B!n)
                                                                                    (and (=> (= unused!1B!r!1
                                                                                                0)
                                                                                             (or (= unused!1A!param1
                                                                                                    (- (+ unused!1B!param1
                                                                                                          unused!1B!param2)
                                                                                                       unused!1B!param2))
                                                                                                 (= (- (+ unused!2A!param1
                                                                                                          unused!2A!param2)
                                                                                                       unused!2A!param2)
                                                                                                    (- (+ unused!2B!param1
                                                                                                          unused!2B!param2)
                                                                                                       unused!2B!param2))))
                                                                                         (=> (not (= unused!1B!r!1
                                                                                                     0))
                                                                                             (or (= unused!1A!param1
                                                                                                    unused!1B!param1)
                                                                                                 (= (- (+ unused!2A!param1
                                                                                                          unused!2A!param2)
                                                                                                       unused!2A!param2)
                                                                                                    (- (+ unused!2B!param1
                                                                                                          unused!2B!param2)
                                                                                                       unused!2B!param2))))))))))
                                                                 (=> (not (= unused!2B!r!1 0))
                                                                     (exists ((unused!1B!n Int))
                                                                        (and (or (= unused!1B!n 0)
                                                                                 (= unused!1B!n 1))
                                                                             (exists ((unused!1B!r!1 Int))
                                                                                (= unused!1B!r!1
                                                                                   unused!1B!n))
                                                                             (forall ((unused!1B!r!1 Int))
                                                                                (=> (= unused!1B!r!1
                                                                                       unused!1B!n)
                                                                                    (and (=> (= unused!1B!r!1
                                                                                                0)
                                                                                             (or (= unused!1A!param1
                                                                                                    (- (+ unused!1B!param1
                                                                                                          unused!1B!param2)
                                                                                                       unused!1B!param2))
                                                                                                 (= (- (+ unused!2A!param1
                                                                                                          unused!2A!param2)
                                                                                                       unused!2A!param2)
                                                                                                    unused!2B!param1)))
                                                                                         (=> (not (= unused!1B!r!1
                                                                                                     0))
                                                                                             (or (= unused!1A!param1
                                                                                                    unused!1B!param1)
                                                                                                 (= (- (+ unused!2A!param1
                                                                                                          unused!2A!param2)
                                                                                                       unused!2A!param2)
                                                                                                    unused!2B!param1)))))))))))))))))))
                       (=> (not (= unused!2A!r 0))
                           (and true
                                (=> (or (= unused!1A!r 0) (= unused!1A!r 1))
                                    (and (=> (= unused!1A!r 0)
                                             (exists ((unused!2B!n Int))
                                                (and (or (= unused!2B!n 0) (= unused!2B!n 1))
                                                     (exists ((unused!2B!r!1 Int))
                                                        (= unused!2B!r!1 unused!2B!n))
                                                     (forall ((unused!2B!r!1 Int))
                                                        (=> (= unused!2B!r!1 unused!2B!n)
                                                            (and (=> (= unused!2B!r!1 0)
                                                                     (exists ((unused!1B!n Int))
                                                                        (and (or (= unused!1B!n 0)
                                                                                 (= unused!1B!n 1))
                                                                             (exists ((unused!1B!r!1 Int))
                                                                                (= unused!1B!r!1
                                                                                   unused!1B!n))
                                                                             (forall ((unused!1B!r!1 Int))
                                                                                (=> (= unused!1B!r!1
                                                                                       unused!1B!n)
                                                                                    (and (=> (= unused!1B!r!1
                                                                                                0)
                                                                                             (or (= (- (+ unused!1A!param1
                                                                                                          unused!1A!param2)
                                                                                                       unused!1A!param2)
                                                                                                    (- (+ unused!1B!param1
                                                                                                          unused!1B!param2)
                                                                                                       unused!1B!param2))
                                                                                                 (= unused!2A!param1
                                                                                                    (- (+ unused!2B!param1
                                                                                                          unused!2B!param2)
                                                                                                       unused!2B!param2))))
                                                                                         (=> (not (= unused!1B!r!1
                                                                                                     0))
                                                                                             (or (= (- (+ unused!1A!param1
                                                                                                          unused!1A!param2)
                                                                                                       unused!1A!param2)
                                                                                                    unused!1B!param1)
                                                                                                 (= unused!2A!param1
                                                                                                    (- (+ unused!2B!param1
                                                                                                          unused!2B!param2)
                                                                                                       unused!2B!param2))))))))))
                                                                 (=> (not (= unused!2B!r!1 0))
                                                                     (exists ((unused!1B!n Int))
                                                                        (and (or (= unused!1B!n 0)
                                                                                 (= unused!1B!n 1))
                                                                             (exists ((unused!1B!r!1 Int))
                                                                                (= unused!1B!r!1
                                                                                   unused!1B!n))
                                                                             (forall ((unused!1B!r!1 Int))
                                                                                (=> (= unused!1B!r!1
                                                                                       unused!1B!n)
                                                                                    (and (=> (= unused!1B!r!1
                                                                                                0)
                                                                                             (or (= (- (+ unused!1A!param1
                                                                                                          unused!1A!param2)
                                                                                                       unused!1A!param2)
                                                                                                    (- (+ unused!1B!param1
                                                                                                          unused!1B!param2)
                                                                                                       unused!1B!param2))
                                                                                                 (= unused!2A!param1
                                                                                                    unused!2B!param1)))
                                                                                         (=> (not (= unused!1B!r!1
                                                                                                     0))
                                                                                             (or (= (- (+ unused!1A!param1
                                                                                                          unused!1A!param2)
                                                                                                       unused!1A!param2)
                                                                                                    unused!1B!param1)
                                                                                                 (= unused!2A!param1
                                                                                                    unused!2B!param1)))))))))))))))
                                         (=> (not (= unused!1A!r 0))
                                             (exists ((unused!2B!n Int))
                                                (and (or (= unused!2B!n 0) (= unused!2B!n 1))
                                                     (exists ((unused!2B!r!1 Int))
                                                        (= unused!2B!r!1 unused!2B!n))
                                                     (forall ((unused!2B!r!1 Int))
                                                        (=> (= unused!2B!r!1 unused!2B!n)
                                                            (and (=> (= unused!2B!r!1 0)
                                                                     (exists ((unused!1B!n Int))
                                                                        (and (or (= unused!1B!n 0)
                                                                                 (= unused!1B!n 1))
                                                                             (exists ((unused!1B!r!1 Int))
                                                                                (= unused!1B!r!1
                                                                                   unused!1B!n))
                                                                             (forall ((unused!1B!r!1 Int))
                                                                                (=> (= unused!1B!r!1
                                                                                       unused!1B!n)
                                                                                    (and (=> (= unused!1B!r!1
                                                                                                0)
                                                                                             (or (= unused!1A!param1
                                                                                                    (- (+ unused!1B!param1
                                                                                                          unused!1B!param2)
                                                                                                       unused!1B!param2))
                                                                                                 (= unused!2A!param1
                                                                                                    (- (+ unused!2B!param1
                                                                                                          unused!2B!param2)
                                                                                                       unused!2B!param2))))
                                                                                         (=> (not (= unused!1B!r!1
                                                                                                     0))
                                                                                             (or (= unused!1A!param1
                                                                                                    unused!1B!param1)
                                                                                                 (= unused!2A!param1
                                                                                                    (- (+ unused!2B!param1
                                                                                                          unused!2B!param2)
                                                                                                       unused!2B!param2))))))))))
                                                                 (=> (not (= unused!2B!r!1 0))
                                                                     (exists ((unused!1B!n Int))
                                                                        (and (or (= unused!1B!n 0)
                                                                                 (= unused!1B!n 1))
                                                                             (exists ((unused!1B!r!1 Int))
                                                                                (= unused!1B!r!1
                                                                                   unused!1B!n))
                                                                             (forall ((unused!1B!r!1 Int))
                                                                                (=> (= unused!1B!r!1
                                                                                       unused!1B!n)
                                                                                    (and (=> (= unused!1B!r!1
                                                                                                0)
                                                                                             (or (= unused!1A!param1
                                                                                                    (- (+ unused!1B!param1
                                                                                                          unused!1B!param2)
                                                                                                       unused!1B!param2))
                                                                                                 (= unused!2A!param1
                                                                                                    unused!2B!param1)))
                                                                                         (=> (not (= unused!1B!r!1
                                                                                                     0))
                                                                                             (or (= unused!1A!param1
                                                                                                    unused!1B!param1)
                                                                                                 (= unused!2A!param1
                                                                                                    unused!2B!param1)))))))))))))))))))))))) )
[<-recv] success
[send->] (check-sat )
[<-recv] unsat
Valid.

real	0m0.140s
user	0m0.409s
sys	0m0.030s
