*******************************************
****               ORHLE               ****
**** k-Liveness Hyperproperty Verifier ****
*******************************************

:: Executions
  denningA1 (forall)
  denningA2 (forall)
  denningE (exists)

:: Verification Conditions
  (=> (and (= denningA1!f3_H denningE!f3_H)
           (= denningA1!f4_H denningE!f4_H)
           (= denningA1!f1_L denningA2!f1_L)
           (= denningA1!f2_L denningA2!f2_L)
           (= denningA2!f1_L denningE!f1_L)
           (= denningA2!f2_L denningE!f2_L))
      (and (= denningA1!f1_L denningE!f1_L)
           (= denningA1!f2_L denningE!f2_L)
           (= denningA1!f1_L denningA2!f1_L)
           (= denningA2!f1_L denningE!f1_L)
           (=> (> 1 1) (= denningA2!f1_L denningA2!f2_L))
           (forall ((denningA2!f1_L Int)
                    (denningA2!f2_L Int)
                    (denningA2!f3_H Int)
                    (denningA2!flag Int)
                    (denningA2!i Int)
                    (denningA2!n Int)
                    (denningA2!sum Int)
                    (denningA2!x Int))
             (=> (and (<= denningA2!i 100)
                      (and (= denningA1!f1_L denningE!f1_L)
                           (= denningA1!f2_L denningE!f2_L)
                           (= denningA1!f1_L denningA2!f1_L)
                           (= denningA2!f1_L denningE!f1_L)
                           (=> (> denningA2!i 1)
                               (= denningA2!f1_L denningA2!f2_L))))
                 (and (=> (not (= denningA2!f1_L 0))
                          (and (and (= denningA1!f1_L denningE!f1_L)
                                    (= denningA1!f2_L denningE!f2_L)
                                    (= denningA1!f1_L denningA2!f1_L)
                                    (= denningA2!f1_L denningE!f1_L)
                                    (=> (> (+ denningA2!i 1) 1)
                                        (= denningA2!f1_L denningA2!f1_L)))))
                      (=> (not (not (= denningA2!f1_L 0)))
                          (and (= denningA1!f1_L denningE!f1_L)
                               (= denningA1!f2_L denningE!f2_L)
                               (= denningA1!f1_L denningA2!f1_L)
                               (= denningA2!f1_L denningE!f1_L)
                               (=> (> (+ denningA2!i 1) 1)
                                   (= denningA2!f1_L denningA2!f1_L)))))))
           (forall ((denningA2!f1_L Int)
                    (denningA2!f2_L Int)
                    (denningA2!f3_H Int)
                    (denningA2!flag Int)
                    (denningA2!i Int)
                    (denningA2!n Int)
                    (denningA2!sum Int)
                    (denningA2!x Int))
             (=> (and (not (<= denningA2!i 100))
                      (and (= denningA1!f1_L denningE!f1_L)
                           (= denningA1!f2_L denningE!f2_L)
                           (= denningA1!f1_L denningA2!f1_L)
                           (= denningA2!f1_L denningE!f1_L)
                           (=> (> denningA2!i 1)
                               (= denningA2!f1_L denningA2!f2_L))))
                 (and (= denningA2!f1_L denningA2!f2_L)
                      (= denningA2!f1_L denningA1!f1_L)
                      (= denningA1!f1_L denningA2!f1_L)
                      (= denningA2!f1_L denningE!f1_L)
                      (forall ((denningA1!f1_L Int)
                               (denningA1!f2_L Int)
                               (denningA1!i Int))
                        (or (not (and (<= denningA1!i 100)
                                      (= denningA2!f1_L denningA2!f2_L)
                                      (= denningA2!f1_L denningA1!f1_L)
                                      (= denningA1!f1_L denningA2!f1_L)
                                      (= denningA2!f1_L denningE!f1_L)
                                      (or (<= denningA1!i 1)
                                          (= denningA1!f1_L denningA1!f2_L))))
                            (and (or (= denningA1!f1_L 0)
                                     (and (= denningA2!f1_L denningA2!f2_L)
                                          (= denningA2!f1_L denningA1!f1_L)
                                          (= denningA1!f1_L denningA2!f1_L)
                                          (= denningA2!f1_L denningE!f1_L)))
                                 (or (not (= denningA1!f1_L 0))
                                     (and (= denningA2!f1_L denningA2!f2_L)
                                          (= denningA2!f1_L denningA1!f1_L)
                                          (= denningA1!f1_L denningA2!f1_L)
                                          (= denningA2!f1_L denningE!f1_L))))))
                      (forall ((denningA1!f1_L Int)
                               (denningA1!f2_L Int)
                               (denningA1!i Int))
                        (or (not (and (not (<= denningA1!i 100))
                                      (= denningA2!f1_L denningA2!f2_L)
                                      (= denningA2!f1_L denningA1!f1_L)
                                      (= denningA1!f1_L denningA2!f1_L)
                                      (= denningA2!f1_L denningE!f1_L)
                                      (or (<= denningA1!i 1)
                                          (= denningA1!f1_L denningA1!f2_L))))
                            (and (= denningA2!f1_L denningA2!f2_L)
                                 (= denningA1!f1_L denningA1!f2_L)
                                 (= denningA1!f1_L denningA2!f1_L)
                                 (= denningA2!f1_L denningE!f1_L)
                                 (forall ((denningE!f1_L Int)
                                          (denningE!f2_L Int)
                                          (denningE!i Int))
                                   (or (not (and (<= denningE!i 100)
                                                 (= denningA2!f1_L denningA2!f2_L)
                                                 (= denningA1!f1_L denningA1!f2_L)
                                                 (= denningA1!f1_L denningA2!f1_L)
                                                 (= denningA2!f1_L denningE!f1_L)
                                                 (or (<= denningE!i 1)
                                                     (and (= denningA2!f1_L
                                                             denningE!f1_L)
                                                          (= denningA2!f2_L
                                                             denningE!f2_L)
                                                          (= denningE!f1_L
                                                             denningE!f2_L)))))
                                       (and (or (= denningE!f1_L 0)
                                                (and (= denningA2!f1_L
                                                        denningA2!f2_L)
                                                     (= denningA1!f1_L
                                                        denningA1!f2_L)
                                                     (= denningA1!f1_L
                                                        denningA2!f1_L)
                                                     (= denningA2!f1_L
                                                        denningE!f1_L)
                                                     (or (<= denningE!i 0)
                                                         (and (= denningA2!f1_L
                                                                 denningE!f1_L)
                                                              (= denningA2!f2_L
                                                                 denningE!f1_L)))))
                                            (or (not (= denningE!f1_L 0))
                                                (and (= denningA2!f1_L
                                                        denningA2!f2_L)
                                                     (= denningA1!f1_L
                                                        denningA1!f2_L)
                                                     (= denningA1!f1_L
                                                        denningA2!f1_L)
                                                     (= denningA2!f1_L
                                                        denningE!f1_L)
                                                     (or (<= denningE!i 0)
                                                         (and (= denningA2!f1_L
                                                                 denningE!f1_L)
                                                              (= denningA2!f2_L
                                                                 denningE!f1_L))))))))
                                 (forall ((denningE!f1_L Int)
                                          (denningE!f2_L Int)
                                          (denningE!i Int))
                                   (or (not (and (not (<= denningE!i 100))
                                                 (= denningA2!f1_L denningA2!f2_L)
                                                 (= denningA1!f1_L denningA1!f2_L)
                                                 (= denningA1!f1_L denningA2!f1_L)
                                                 (= denningA2!f1_L denningE!f1_L)
                                                 (or (<= denningE!i 1)
                                                     (and (= denningA2!f1_L
                                                             denningE!f1_L)
                                                          (= denningA2!f2_L
                                                             denningE!f2_L)
                                                          (= denningE!f1_L
                                                             denningE!f2_L)))))
                                       (and (= denningA2!f1_L denningE!f1_L)
                                            (= denningA2!f2_L denningE!f2_L))))))))))))

Valid.

real	0m0.217s
user	0m0.229s
sys	0m0.038s
