*******************************************
****               ORHLE               ****
**** k-Liveness Hyperproperty Verifier ****
*******************************************

:: Executions
  smith[1] (forall)
  smith[2] (forall)
  smith[3] (exists)

:: Verification Conditions
  (=> (= smith!1!secret smith!3!secret)
      (and (=> (= (mod smith!2!secret 2) 0)
               (and (or (not (= (mod smith!1!secret 2) 0))
                        (and (or (not (= (mod smith!3!secret 2) 0)) (= 0 0))
                             (or (= (mod smith!3!secret 2) 0) (= 0 1))))
                    (or (= (mod smith!1!secret 2) 0)
                        (and (or (not (= (mod smith!3!secret 2) 0)) (= 0 0))
                             (or (= (mod smith!3!secret 2) 0) (= 0 1))))))
           (=> (not (= (mod smith!2!secret 2) 0))
               (and (or (not (= (mod smith!1!secret 2) 0))
                        (and (or (not (= (mod smith!3!secret 2) 0)) (= 1 0))
                             (or (= (mod smith!3!secret 2) 0) (= 1 1))))
                    (or (= (mod smith!1!secret 2) 0)
                        (and (or (not (= (mod smith!3!secret 2) 0)) (= 1 0))
                             (or (= (mod smith!3!secret 2) 0) (= 1 1))))))))

Invalid. Model:
  smith!1!secret -> 0
  smith!2!secret -> 1
  smith!3!secret -> 0

real	0m0.196s
user	0m0.187s
sys	0m0.018s
