*******************************************
****               ORHLE               ****
**** k-Liveness Hyperproperty Verifier ****
*******************************************

:: Executions
  median[1] (forall)
  median[2] (exists)

:: Verification Conditions
  (=> (and (= median!1!a1 median!2!a1)
           (= median!1!a2 median!2!a2)
           (< median!1!a1 median!1!a2)
           (< median!1!b1 median!1!b2)
           (< median!2!b1 median!2!b2)
           (not (= median!1!a1 median!1!a2))
           (not (= median!1!a1 median!1!b1))
           (not (= median!1!a1 median!1!b2))
           (not (= median!1!a2 median!1!b1))
           (not (= median!1!a2 median!1!b2))
           (not (= median!1!b1 median!1!b2))
           (not (= median!2!a1 median!2!a2))
           (not (= median!2!a1 median!2!b1))
           (not (= median!2!a1 median!2!b2))
           (not (= median!2!a2 median!2!b1))
           (not (= median!2!a2 median!2!b2))
           (not (= median!2!b1 median!2!b2)))
      (and (=> (<= median!1!a1 median!1!b1)
               (and (=> (= 1 1)
                        (and (=> (= 1 1)
                                 (and (=> (<= median!1!a2 median!1!b1)
                                          (and (=> (= 1 1)
                                                   (and (or (not (<= median!2!a1
                                                                     median!2!b1))
                                                            (and (or (= median!1!a2
                                                                        median!2!a2)
                                                                     (not (= median!1!a2
                                                                             median!2!a2))
                                                                     (not (<= median!2!a2
                                                                              median!2!b1)))
                                                                 (or (= median!1!a2
                                                                        median!2!b1)
                                                                     (not (= median!1!a2
                                                                             median!2!b1))
                                                                     (<= median!2!a2
                                                                         median!2!b1))))
                                                        (or (<= median!2!a1
                                                                median!2!b1)
                                                            (and (or (= median!1!a2
                                                                        median!2!a1)
                                                                     (not (= median!1!a2
                                                                             median!2!a1))
                                                                     (not (<= median!2!a1
                                                                              median!2!b2)))
                                                                 (or (= median!1!a2
                                                                        median!2!b2)
                                                                     (not (= median!1!a2
                                                                             median!2!b2))
                                                                     (<= median!2!a1
                                                                         median!2!b2))))))
                                               (=> (not (= 1 1))
                                                   (and (or (not (<= median!2!a1
                                                                     median!2!b1))
                                                            (and (or (= median!1!b1
                                                                        median!2!a2)
                                                                     (not (= median!1!b1
                                                                             median!2!a2))
                                                                     (not (<= median!2!a2
                                                                              median!2!b1)))
                                                                 (or (= median!1!b1
                                                                        median!2!b1)
                                                                     (not (= median!1!b1
                                                                             median!2!b1))
                                                                     (<= median!2!a2
                                                                         median!2!b1))))
                                                        (or (<= median!2!a1
                                                                median!2!b1)
                                                            (and (or (= median!1!b1
                                                                        median!2!a1)
                                                                     (not (= median!1!b1
                                                                             median!2!a1))
                                                                     (not (<= median!2!a1
                                                                              median!2!b2)))
                                                                 (or (= median!1!b1
                                                                        median!2!b2)
                                                                     (not (= median!1!b1
                                                                             median!2!b2))
                                                                     (<= median!2!a1
                                                                         median!2!b2))))))))
                                      (=> (not (<= median!1!a2 median!1!b1))
                                          (and (=> (= 0 1)
                                                   (and (or (not (<= median!2!a1
                                                                     median!2!b1))
                                                            (and (or (= median!1!a2
                                                                        median!2!a2)
                                                                     (not (= median!1!a2
                                                                             median!2!a2))
                                                                     (not (<= median!2!a2
                                                                              median!2!b1)))
                                                                 (or (= median!1!a2
                                                                        median!2!b1)
                                                                     (not (= median!1!a2
                                                                             median!2!b1))
                                                                     (<= median!2!a2
                                                                         median!2!b1))))
                                                        (or (<= median!2!a1
                                                                median!2!b1)
                                                            (and (or (= median!1!a2
                                                                        median!2!a1)
                                                                     (not (= median!1!a2
                                                                             median!2!a1))
                                                                     (not (<= median!2!a1
                                                                              median!2!b2)))
                                                                 (or (= median!1!a2
                                                                        median!2!b2)
                                                                     (not (= median!1!a2
                                                                             median!2!b2))
                                                                     (<= median!2!a1
                                                                         median!2!b2))))))
                                               (=> (not (= 0 1))
                                                   (and (or (not (<= median!2!a1
                                                                     median!2!b1))
                                                            (and (or (= median!1!b1
                                                                        median!2!a2)
                                                                     (not (= median!1!b1
                                                                             median!2!a2))
                                                                     (not (<= median!2!a2
                                                                              median!2!b1)))
                                                                 (or (= median!1!b1
                                                                        median!2!b1)
                                                                     (not (= median!1!b1
                                                                             median!2!b1))
                                                                     (<= median!2!a2
                                                                         median!2!b1))))
                                                        (or (<= median!2!a1
                                                                median!2!b1)
                                                            (and (or (= median!1!b1
                                                                        median!2!a1)
                                                                     (not (= median!1!b1
                                                                             median!2!a1))
                                                                     (not (<= median!2!a1
                                                                              median!2!b2)))
                                                                 (or (= median!1!b1
                                                                        median!2!b2)
                                                                     (not (= median!1!b1
                                                                             median!2!b2))
                                                                     (<= median!2!a1
                                                                         median!2!b2))))))))))
                             (=> (not (= 1 1))
                                 (and (=> (<= median!1!a2 median!1!b2)
                                          (and (=> (= 1 1)
                                                   (and (or (not (<= median!2!a1
                                                                     median!2!b1))
                                                            (and (or (= median!1!a2
                                                                        median!2!a2)
                                                                     (not (= median!1!a2
                                                                             median!2!a2))
                                                                     (not (<= median!2!a2
                                                                              median!2!b1)))
                                                                 (or (= median!1!a2
                                                                        median!2!b1)
                                                                     (not (= median!1!a2
                                                                             median!2!b1))
                                                                     (<= median!2!a2
                                                                         median!2!b1))))
                                                        (or (<= median!2!a1
                                                                median!2!b1)
                                                            (and (or (= median!1!a2
                                                                        median!2!a1)
                                                                     (not (= median!1!a2
                                                                             median!2!a1))
                                                                     (not (<= median!2!a1
                                                                              median!2!b2)))
                                                                 (or (= median!1!a2
                                                                        median!2!b2)
                                                                     (not (= median!1!a2
                                                                             median!2!b2))
                                                                     (<= median!2!a1
                                                                         median!2!b2))))))
                                               (=> (not (= 1 1))
                                                   (and (or (not (<= median!2!a1
                                                                     median!2!b1))
                                                            (and (or (= median!1!b2
                                                                        median!2!a2)
                                                                     (not (= median!1!b2
                                                                             median!2!a2))
                                                                     (not (<= median!2!a2
                                                                              median!2!b1)))
                                                                 (or (= median!1!b2
                                                                        median!2!b1)
                                                                     (not (= median!1!b2
                                                                             median!2!b1))
                                                                     (<= median!2!a2
                                                                         median!2!b1))))
                                                        (or (<= median!2!a1
                                                                median!2!b1)
                                                            (and (or (= median!1!b2
                                                                        median!2!a1)
                                                                     (not (= median!1!b2
                                                                             median!2!a1))
                                                                     (not (<= median!2!a1
                                                                              median!2!b2)))
                                                                 (or (= median!1!b2
                                                                        median!2!b2)
                                                                     (not (= median!1!b2
                                                                             median!2!b2))
                                                                     (<= median!2!a1
                                                                         median!2!b2))))))))
                                      (=> (not (<= median!1!a2 median!1!b2))
                                          (and (=> (= 0 1)
                                                   (and (or (not (<= median!2!a1
                                                                     median!2!b1))
                                                            (and (or (= median!1!a2
                                                                        median!2!a2)
                                                                     (not (= median!1!a2
                                                                             median!2!a2))
                                                                     (not (<= median!2!a2
                                                                              median!2!b1)))
                                                                 (or (= median!1!a2
                                                                        median!2!b1)
                                                                     (not (= median!1!a2
                                                                             median!2!b1))
                                                                     (<= median!2!a2
                                                                         median!2!b1))))
                                                        (or (<= median!2!a1
                                                                median!2!b1)
                                                            (and (or (= median!1!a2
                                                                        median!2!a1)
                                                                     (not (= median!1!a2
                                                                             median!2!a1))
                                                                     (not (<= median!2!a1
                                                                              median!2!b2)))
                                                                 (or (= median!1!a2
                                                                        median!2!b2)
                                                                     (not (= median!1!a2
                                                                             median!2!b2))
                                                                     (<= median!2!a1
                                                                         median!2!b2))))))
                                               (=> (not (= 0 1))
                                                   (and (or (not (<= median!2!a1
                                                                     median!2!b1))
                                                            (and (or (= median!1!b2
                                                                        median!2!a2)
                                                                     (not (= median!1!b2
                                                                             median!2!a2))
                                                                     (not (<= median!2!a2
                                                                              median!2!b1)))
                                                                 (or (= median!1!b2
                                                                        median!2!b1)
                                                                     (not (= median!1!b2
                                                                             median!2!b1))
                                                                     (<= median!2!a2
                                                                         median!2!b1))))
                                                        (or (<= median!2!a1
                                                                median!2!b1)
                                                            (and (or (= median!1!b2
                                                                        median!2!a1)
                                                                     (not (= median!1!b2
                                                                             median!2!a1))
                                                                     (not (<= median!2!a1
                                                                              median!2!b2)))
                                                                 (or (= median!1!b2
                                                                        median!2!b2)
                                                                     (not (= median!1!b2
                                                                             median!2!b2))
                                                                     (<= median!2!a1
                                                                         median!2!b2))))))))))))
                    (=> (not (= 1 1))
                        (and (=> (= 1 1)
                                 (and (=> (<= median!1!a1 median!1!b1)
                                          (and (=> (= 1 1)
                                                   (and (or (not (<= median!2!a1
                                                                     median!2!b1))
                                                            (and (or (= median!1!a1
                                                                        median!2!a2)
                                                                     (not (= median!1!a1
                                                                             median!2!a2))
                                                                     (not (<= median!2!a2
                                                                              median!2!b1)))
                                                                 (or (= median!1!a1
                                                                        median!2!b1)
                                                                     (not (= median!1!a1
                                                                             median!2!b1))
                                                                     (<= median!2!a2
                                                                         median!2!b1))))
                                                        (or (<= median!2!a1
                                                                median!2!b1)
                                                            (and (or (= median!1!a1
                                                                        median!2!a1)
                                                                     (not (= median!1!a1
                                                                             median!2!a1))
                                                                     (not (<= median!2!a1
                                                                              median!2!b2)))
                                                                 (or (= median!1!a1
                                                                        median!2!b2)
                                                                     (not (= median!1!a1
                                                                             median!2!b2))
                                                                     (<= median!2!a1
                                                                         median!2!b2))))))
                                               (=> (not (= 1 1))
                                                   (and (or (not (<= median!2!a1
                                                                     median!2!b1))
                                                            (and (or (= median!1!b1
                                                                        median!2!a2)
                                                                     (not (= median!1!b1
                                                                             median!2!a2))
                                                                     (not (<= median!2!a2
                                                                              median!2!b1)))
                                                                 (or (= median!1!b1
                                                                        median!2!b1)
                                                                     (not (= median!1!b1
                                                                             median!2!b1))
                                                                     (<= median!2!a2
                                                                         median!2!b1))))
                                                        (or (<= median!2!a1
                                                                median!2!b1)
                                                            (and (or (= median!1!b1
                                                                        median!2!a1)
                                                                     (not (= median!1!b1
                                                                             median!2!a1))
                                                                     (not (<= median!2!a1
                                                                              median!2!b2)))
                                                                 (or (= median!1!b1
                                                                        median!2!b2)
                                                                     (not (= median!1!b1
                                                                             median!2!b2))
                                                                     (<= median!2!a1
                                                                         median!2!b2))))))))
                                      (=> (not (<= median!1!a1 median!1!b1))
                                          (and (=> (= 0 1)
                                                   (and (or (not (<= median!2!a1
                                                                     median!2!b1))
                                                            (and (or (= median!1!a1
                                                                        median!2!a2)
                                                                     (not (= median!1!a1
                                                                             median!2!a2))
                                                                     (not (<= median!2!a2
                                                                              median!2!b1)))
                                                                 (or (= median!1!a1
                                                                        median!2!b1)
                                                                     (not (= median!1!a1
                                                                             median!2!b1))
                                                                     (<= median!2!a2
                                                                         median!2!b1))))
                                                        (or (<= median!2!a1
                                                                median!2!b1)
                                                            (and (or (= median!1!a1
                                                                        median!2!a1)
                                                                     (not (= median!1!a1
                                                                             median!2!a1))
                                                                     (not (<= median!2!a1
                                                                              median!2!b2)))
                                                                 (or (= median!1!a1
                                                                        median!2!b2)
                                                                     (not (= median!1!a1
                                                                             median!2!b2))
                                                                     (<= median!2!a1
                                                                         median!2!b2))))))
                                               (=> (not (= 0 1))
                                                   (and (or (not (<= median!2!a1
                                                                     median!2!b1))
                                                            (and (or (= median!1!b1
                                                                        median!2!a2)
                                                                     (not (= median!1!b1
                                                                             median!2!a2))
                                                                     (not (<= median!2!a2
                                                                              median!2!b1)))
                                                                 (or (= median!1!b1
                                                                        median!2!b1)
                                                                     (not (= median!1!b1
                                                                             median!2!b1))
                                                                     (<= median!2!a2
                                                                         median!2!b1))))
                                                        (or (<= median!2!a1
                                                                median!2!b1)
                                                            (and (or (= median!1!b1
                                                                        median!2!a1)
                                                                     (not (= median!1!b1
                                                                             median!2!a1))
                                                                     (not (<= median!2!a1
                                                                              median!2!b2)))
                                                                 (or (= median!1!b1
                                                                        median!2!b2)
                                                                     (not (= median!1!b1
                                                                             median!2!b2))
                                                                     (<= median!2!a1
                                                                         median!2!b2))))))))))
                             (=> (not (= 1 1))
                                 (and (=> (<= median!1!a1 median!1!b2)
                                          (and (=> (= 1 1)
                                                   (and (or (not (<= median!2!a1
                                                                     median!2!b1))
                                                            (and (or (= median!1!a1
                                                                        median!2!a2)
                                                                     (not (= median!1!a1
                                                                             median!2!a2))
                                                                     (not (<= median!2!a2
                                                                              median!2!b1)))
                                                                 (or (= median!1!a1
                                                                        median!2!b1)
                                                                     (not (= median!1!a1
                                                                             median!2!b1))
                                                                     (<= median!2!a2
                                                                         median!2!b1))))
                                                        (or (<= median!2!a1
                                                                median!2!b1)
                                                            (and (or (= median!1!a1
                                                                        median!2!a1)
                                                                     (not (= median!1!a1
                                                                             median!2!a1))
                                                                     (not (<= median!2!a1
                                                                              median!2!b2)))
                                                                 (or (= median!1!a1
                                                                        median!2!b2)
                                                                     (not (= median!1!a1
                                                                             median!2!b2))
                                                                     (<= median!2!a1
                                                                         median!2!b2))))))
                                               (=> (not (= 1 1))
                                                   (and (or (not (<= median!2!a1
                                                                     median!2!b1))
                                                            (and (or (= median!1!b2
                                                                        median!2!a2)
                                                                     (not (= median!1!b2
                                                                             median!2!a2))
                                                                     (not (<= median!2!a2
                                                                              median!2!b1)))
                                                                 (or (= median!1!b2
                                                                        median!2!b1)
                                                                     (not (= median!1!b2
                                                                             median!2!b1))
                                                                     (<= median!2!a2
                                                                         median!2!b1))))
                                                        (or (<= median!2!a1
                                                                median!2!b1)
                                                            (and (or (= median!1!b2
                                                                        median!2!a1)
                                                                     (not (= median!1!b2
                                                                             median!2!a1))
                                                                     (not (<= median!2!a1
                                                                              median!2!b2)))
                                                                 (or (= median!1!b2
                                                                        median!2!b2)
                                                                     (not (= median!1!b2
                                                                             median!2!b2))
                                                                     (<= median!2!a1
                                                                         median!2!b2))))))))
                                      (=> (not (<= median!1!a1 median!1!b2))
                                          (and (=> (= 0 1)
                                                   (and (or (not (<= median!2!a1
                                                                     median!2!b1))
                                                            (and (or (= median!1!a1
                                                                        median!2!a2)
                                                                     (not (= median!1!a1
                                                                             median!2!a2))
                                                                     (not (<= median!2!a2
                                                                              median!2!b1)))
                                                                 (or (= median!1!a1
                                                                        median!2!b1)
                                                                     (not (= median!1!a1
                                                                             median!2!b1))
                                                                     (<= median!2!a2
                                                                         median!2!b1))))
                                                        (or (<= median!2!a1
                                                                median!2!b1)
                                                            (and (or (= median!1!a1
                                                                        median!2!a1)
                                                                     (not (= median!1!a1
                                                                             median!2!a1))
                                                                     (not (<= median!2!a1
                                                                              median!2!b2)))
                                                                 (or (= median!1!a1
                                                                        median!2!b2)
                                                                     (not (= median!1!a1
                                                                             median!2!b2))
                                                                     (<= median!2!a1
                                                                         median!2!b2))))))
                                               (=> (not (= 0 1))
                                                   (and (or (not (<= median!2!a1
                                                                     median!2!b1))
                                                            (and (or (= median!1!b2
                                                                        median!2!a2)
                                                                     (not (= median!1!b2
                                                                             median!2!a2))
                                                                     (not (<= median!2!a2
                                                                              median!2!b1)))
                                                                 (or (= median!1!b2
                                                                        median!2!b1)
                                                                     (not (= median!1!b2
                                                                             median!2!b1))
                                                                     (<= median!2!a2
                                                                         median!2!b1))))
                                                        (or (<= median!2!a1
                                                                median!2!b1)
                                                            (and (or (= median!1!b2
                                                                        median!2!a1)
                                                                     (not (= median!1!b2
                                                                             median!2!a1))
                                                                     (not (<= median!2!a1
                                                                              median!2!b2)))
                                                                 (or (= median!1!b2
                                                                        median!2!b2)
                                                                     (not (= median!1!b2
                                                                             median!2!b2))
                                                                     (<= median!2!a1
                                                                         median!2!b2))))))))))))))
           (=> (not (<= median!1!a1 median!1!b1))
               (and (=> (= 0 1)
                        (and (=> (= 0 1)
                                 (and (=> (<= median!1!a2 median!1!b1)
                                          (and (=> (= 1 1)
                                                   (and (or (not (<= median!2!a1
                                                                     median!2!b1))
                                                            (and (or (= median!1!a2
                                                                        median!2!a2)
                                                                     (not (= median!1!a2
                                                                             median!2!a2))
                                                                     (not (<= median!2!a2
                                                                              median!2!b1)))
                                                                 (or (= median!1!a2
                                                                        median!2!b1)
                                                                     (not (= median!1!a2
                                                                             median!2!b1))
                                                                     (<= median!2!a2
                                                                         median!2!b1))))
                                                        (or (<= median!2!a1
                                                                median!2!b1)
                                                            (and (or (= median!1!a2
                                                                        median!2!a1)
                                                                     (not (= median!1!a2
                                                                             median!2!a1))
                                                                     (not (<= median!2!a1
                                                                              median!2!b2)))
                                                                 (or (= median!1!a2
                                                                        median!2!b2)
                                                                     (not (= median!1!a2
                                                                             median!2!b2))
                                                                     (<= median!2!a1
                                                                         median!2!b2))))))
                                               (=> (not (= 1 1))
                                                   (and (or (not (<= median!2!a1
                                                                     median!2!b1))
                                                            (and (or (= median!1!b1
                                                                        median!2!a2)
                                                                     (not (= median!1!b1
                                                                             median!2!a2))
                                                                     (not (<= median!2!a2
                                                                              median!2!b1)))
                                                                 (or (= median!1!b1
                                                                        median!2!b1)
                                                                     (not (= median!1!b1
                                                                             median!2!b1))
                                                                     (<= median!2!a2
                                                                         median!2!b1))))
                                                        (or (<= median!2!a1
                                                                median!2!b1)
                                                            (and (or (= median!1!b1
                                                                        median!2!a1)
                                                                     (not (= median!1!b1
                                                                             median!2!a1))
                                                                     (not (<= median!2!a1
                                                                              median!2!b2)))
                                                                 (or (= median!1!b1
                                                                        median!2!b2)
                                                                     (not (= median!1!b1
                                                                             median!2!b2))
                                                                     (<= median!2!a1
                                                                         median!2!b2))))))))
                                      (=> (not (<= median!1!a2 median!1!b1))
                                          (and (=> (= 0 1)
                                                   (and (or (not (<= median!2!a1
                                                                     median!2!b1))
                                                            (and (or (= median!1!a2
                                                                        median!2!a2)
                                                                     (not (= median!1!a2
                                                                             median!2!a2))
                                                                     (not (<= median!2!a2
                                                                              median!2!b1)))
                                                                 (or (= median!1!a2
                                                                        median!2!b1)
                                                                     (not (= median!1!a2
                                                                             median!2!b1))
                                                                     (<= median!2!a2
                                                                         median!2!b1))))
                                                        (or (<= median!2!a1
                                                                median!2!b1)
                                                            (and (or (= median!1!a2
                                                                        median!2!a1)
                                                                     (not (= median!1!a2
                                                                             median!2!a1))
                                                                     (not (<= median!2!a1
                                                                              median!2!b2)))
                                                                 (or (= median!1!a2
                                                                        median!2!b2)
                                                                     (not (= median!1!a2
                                                                             median!2!b2))
                                                                     (<= median!2!a1
                                                                         median!2!b2))))))
                                               (=> (not (= 0 1))
                                                   (and (or (not (<= median!2!a1
                                                                     median!2!b1))
                                                            (and (or (= median!1!b1
                                                                        median!2!a2)
                                                                     (not (= median!1!b1
                                                                             median!2!a2))
                                                                     (not (<= median!2!a2
                                                                              median!2!b1)))
                                                                 (or (= median!1!b1
                                                                        median!2!b1)
                                                                     (not (= median!1!b1
                                                                             median!2!b1))
                                                                     (<= median!2!a2
                                                                         median!2!b1))))
                                                        (or (<= median!2!a1
                                                                median!2!b1)
                                                            (and (or (= median!1!b1
                                                                        median!2!a1)
                                                                     (not (= median!1!b1
                                                                             median!2!a1))
                                                                     (not (<= median!2!a1
                                                                              median!2!b2)))
                                                                 (or (= median!1!b1
                                                                        median!2!b2)
                                                                     (not (= median!1!b1
                                                                             median!2!b2))
                                                                     (<= median!2!a1
                                                                         median!2!b2))))))))))
                             (=> (not (= 0 1))
                                 (and (=> (<= median!1!a2 median!1!b2)
                                          (and (=> (= 1 1)
                                                   (and (or (not (<= median!2!a1
                                                                     median!2!b1))
                                                            (and (or (= median!1!a2
                                                                        median!2!a2)
                                                                     (not (= median!1!a2
                                                                             median!2!a2))
                                                                     (not (<= median!2!a2
                                                                              median!2!b1)))
                                                                 (or (= median!1!a2
                                                                        median!2!b1)
                                                                     (not (= median!1!a2
                                                                             median!2!b1))
                                                                     (<= median!2!a2
                                                                         median!2!b1))))
                                                        (or (<= median!2!a1
                                                                median!2!b1)
                                                            (and (or (= median!1!a2
                                                                        median!2!a1)
                                                                     (not (= median!1!a2
                                                                             median!2!a1))
                                                                     (not (<= median!2!a1
                                                                              median!2!b2)))
                                                                 (or (= median!1!a2
                                                                        median!2!b2)
                                                                     (not (= median!1!a2
                                                                             median!2!b2))
                                                                     (<= median!2!a1
                                                                         median!2!b2))))))
                                               (=> (not (= 1 1))
                                                   (and (or (not (<= median!2!a1
                                                                     median!2!b1))
                                                            (and (or (= median!1!b2
                                                                        median!2!a2)
                                                                     (not (= median!1!b2
                                                                             median!2!a2))
                                                                     (not (<= median!2!a2
                                                                              median!2!b1)))
                                                                 (or (= median!1!b2
                                                                        median!2!b1)
                                                                     (not (= median!1!b2
                                                                             median!2!b1))
                                                                     (<= median!2!a2
                                                                         median!2!b1))))
                                                        (or (<= median!2!a1
                                                                median!2!b1)
                                                            (and (or (= median!1!b2
                                                                        median!2!a1)
                                                                     (not (= median!1!b2
                                                                             median!2!a1))
                                                                     (not (<= median!2!a1
                                                                              median!2!b2)))
                                                                 (or (= median!1!b2
                                                                        median!2!b2)
                                                                     (not (= median!1!b2
                                                                             median!2!b2))
                                                                     (<= median!2!a1
                                                                         median!2!b2))))))))
                                      (=> (not (<= median!1!a2 median!1!b2))
                                          (and (=> (= 0 1)
                                                   (and (or (not (<= median!2!a1
                                                                     median!2!b1))
                                                            (and (or (= median!1!a2
                                                                        median!2!a2)
                                                                     (not (= median!1!a2
                                                                             median!2!a2))
                                                                     (not (<= median!2!a2
                                                                              median!2!b1)))
                                                                 (or (= median!1!a2
                                                                        median!2!b1)
                                                                     (not (= median!1!a2
                                                                             median!2!b1))
                                                                     (<= median!2!a2
                                                                         median!2!b1))))
                                                        (or (<= median!2!a1
                                                                median!2!b1)
                                                            (and (or (= median!1!a2
                                                                        median!2!a1)
                                                                     (not (= median!1!a2
                                                                             median!2!a1))
                                                                     (not (<= median!2!a1
                                                                              median!2!b2)))
                                                                 (or (= median!1!a2
                                                                        median!2!b2)
                                                                     (not (= median!1!a2
                                                                             median!2!b2))
                                                                     (<= median!2!a1
                                                                         median!2!b2))))))
                                               (=> (not (= 0 1))
                                                   (and (or (not (<= median!2!a1
                                                                     median!2!b1))
                                                            (and (or (= median!1!b2
                                                                        median!2!a2)
                                                                     (not (= median!1!b2
                                                                             median!2!a2))
                                                                     (not (<= median!2!a2
                                                                              median!2!b1)))
                                                                 (or (= median!1!b2
                                                                        median!2!b1)
                                                                     (not (= median!1!b2
                                                                             median!2!b1))
                                                                     (<= median!2!a2
                                                                         median!2!b1))))
                                                        (or (<= median!2!a1
                                                                median!2!b1)
                                                            (and (or (= median!1!b2
                                                                        median!2!a1)
                                                                     (not (= median!1!b2
                                                                             median!2!a1))
                                                                     (not (<= median!2!a1
                                                                              median!2!b2)))
                                                                 (or (= median!1!b2
                                                                        median!2!b2)
                                                                     (not (= median!1!b2
                                                                             median!2!b2))
                                                                     (<= median!2!a1
                                                                         median!2!b2))))))))))))
                    (=> (not (= 0 1))
                        (and (=> (= 0 1)
                                 (and (=> (<= median!1!a1 median!1!b1)
                                          (and (=> (= 1 1)
                                                   (and (or (not (<= median!2!a1
                                                                     median!2!b1))
                                                            (and (or (= median!1!a1
                                                                        median!2!a2)
                                                                     (not (= median!1!a1
                                                                             median!2!a2))
                                                                     (not (<= median!2!a2
                                                                              median!2!b1)))
                                                                 (or (= median!1!a1
                                                                        median!2!b1)
                                                                     (not (= median!1!a1
                                                                             median!2!b1))
                                                                     (<= median!2!a2
                                                                         median!2!b1))))
                                                        (or (<= median!2!a1
                                                                median!2!b1)
                                                            (and (or (= median!1!a1
                                                                        median!2!a1)
                                                                     (not (= median!1!a1
                                                                             median!2!a1))
                                                                     (not (<= median!2!a1
                                                                              median!2!b2)))
                                                                 (or (= median!1!a1
                                                                        median!2!b2)
                                                                     (not (= median!1!a1
                                                                             median!2!b2))
                                                                     (<= median!2!a1
                                                                         median!2!b2))))))
                                               (=> (not (= 1 1))
                                                   (and (or (not (<= median!2!a1
                                                                     median!2!b1))
                                                            (and (or (= median!1!b1
                                                                        median!2!a2)
                                                                     (not (= median!1!b1
                                                                             median!2!a2))
                                                                     (not (<= median!2!a2
                                                                              median!2!b1)))
                                                                 (or (= median!1!b1
                                                                        median!2!b1)
                                                                     (not (= median!1!b1
                                                                             median!2!b1))
                                                                     (<= median!2!a2
                                                                         median!2!b1))))
                                                        (or (<= median!2!a1
                                                                median!2!b1)
                                                            (and (or (= median!1!b1
                                                                        median!2!a1)
                                                                     (not (= median!1!b1
                                                                             median!2!a1))
                                                                     (not (<= median!2!a1
                                                                              median!2!b2)))
                                                                 (or (= median!1!b1
                                                                        median!2!b2)
                                                                     (not (= median!1!b1
                                                                             median!2!b2))
                                                                     (<= median!2!a1
                                                                         median!2!b2))))))))
                                      (=> (not (<= median!1!a1 median!1!b1))
                                          (and (=> (= 0 1)
                                                   (and (or (not (<= median!2!a1
                                                                     median!2!b1))
                                                            (and (or (= median!1!a1
                                                                        median!2!a2)
                                                                     (not (= median!1!a1
                                                                             median!2!a2))
                                                                     (not (<= median!2!a2
                                                                              median!2!b1)))
                                                                 (or (= median!1!a1
                                                                        median!2!b1)
                                                                     (not (= median!1!a1
                                                                             median!2!b1))
                                                                     (<= median!2!a2
                                                                         median!2!b1))))
                                                        (or (<= median!2!a1
                                                                median!2!b1)
                                                            (and (or (= median!1!a1
                                                                        median!2!a1)
                                                                     (not (= median!1!a1
                                                                             median!2!a1))
                                                                     (not (<= median!2!a1
                                                                              median!2!b2)))
                                                                 (or (= median!1!a1
                                                                        median!2!b2)
                                                                     (not (= median!1!a1
                                                                             median!2!b2))
                                                                     (<= median!2!a1
                                                                         median!2!b2))))))
                                               (=> (not (= 0 1))
                                                   (and (or (not (<= median!2!a1
                                                                     median!2!b1))
                                                            (and (or (= median!1!b1
                                                                        median!2!a2)
                                                                     (not (= median!1!b1
                                                                             median!2!a2))
                                                                     (not (<= median!2!a2
                                                                              median!2!b1)))
                                                                 (or (= median!1!b1
                                                                        median!2!b1)
                                                                     (not (= median!1!b1
                                                                             median!2!b1))
                                                                     (<= median!2!a2
                                                                         median!2!b1))))
                                                        (or (<= median!2!a1
                                                                median!2!b1)
                                                            (and (or (= median!1!b1
                                                                        median!2!a1)
                                                                     (not (= median!1!b1
                                                                             median!2!a1))
                                                                     (not (<= median!2!a1
                                                                              median!2!b2)))
                                                                 (or (= median!1!b1
                                                                        median!2!b2)
                                                                     (not (= median!1!b1
                                                                             median!2!b2))
                                                                     (<= median!2!a1
                                                                         median!2!b2))))))))))
                             (=> (not (= 0 1))
                                 (and (=> (<= median!1!a1 median!1!b2)
                                          (and (=> (= 1 1)
                                                   (and (or (not (<= median!2!a1
                                                                     median!2!b1))
                                                            (and (or (= median!1!a1
                                                                        median!2!a2)
                                                                     (not (= median!1!a1
                                                                             median!2!a2))
                                                                     (not (<= median!2!a2
                                                                              median!2!b1)))
                                                                 (or (= median!1!a1
                                                                        median!2!b1)
                                                                     (not (= median!1!a1
                                                                             median!2!b1))
                                                                     (<= median!2!a2
                                                                         median!2!b1))))
                                                        (or (<= median!2!a1
                                                                median!2!b1)
                                                            (and (or (= median!1!a1
                                                                        median!2!a1)
                                                                     (not (= median!1!a1
                                                                             median!2!a1))
                                                                     (not (<= median!2!a1
                                                                              median!2!b2)))
                                                                 (or (= median!1!a1
                                                                        median!2!b2)
                                                                     (not (= median!1!a1
                                                                             median!2!b2))
                                                                     (<= median!2!a1
                                                                         median!2!b2))))))
                                               (=> (not (= 1 1))
                                                   (and (or (not (<= median!2!a1
                                                                     median!2!b1))
                                                            (and (or (= median!1!b2
                                                                        median!2!a2)
                                                                     (not (= median!1!b2
                                                                             median!2!a2))
                                                                     (not (<= median!2!a2
                                                                              median!2!b1)))
                                                                 (or (= median!1!b2
                                                                        median!2!b1)
                                                                     (not (= median!1!b2
                                                                             median!2!b1))
                                                                     (<= median!2!a2
                                                                         median!2!b1))))
                                                        (or (<= median!2!a1
                                                                median!2!b1)
                                                            (and (or (= median!1!b2
                                                                        median!2!a1)
                                                                     (not (= median!1!b2
                                                                             median!2!a1))
                                                                     (not (<= median!2!a1
                                                                              median!2!b2)))
                                                                 (or (= median!1!b2
                                                                        median!2!b2)
                                                                     (not (= median!1!b2
                                                                             median!2!b2))
                                                                     (<= median!2!a1
                                                                         median!2!b2))))))))
                                      (=> (not (<= median!1!a1 median!1!b2))
                                          (and (=> (= 0 1)
                                                   (and (or (not (<= median!2!a1
                                                                     median!2!b1))
                                                            (and (or (= median!1!a1
                                                                        median!2!a2)
                                                                     (not (= median!1!a1
                                                                             median!2!a2))
                                                                     (not (<= median!2!a2
                                                                              median!2!b1)))
                                                                 (or (= median!1!a1
                                                                        median!2!b1)
                                                                     (not (= median!1!a1
                                                                             median!2!b1))
                                                                     (<= median!2!a2
                                                                         median!2!b1))))
                                                        (or (<= median!2!a1
                                                                median!2!b1)
                                                            (and (or (= median!1!a1
                                                                        median!2!a1)
                                                                     (not (= median!1!a1
                                                                             median!2!a1))
                                                                     (not (<= median!2!a1
                                                                              median!2!b2)))
                                                                 (or (= median!1!a1
                                                                        median!2!b2)
                                                                     (not (= median!1!a1
                                                                             median!2!b2))
                                                                     (<= median!2!a1
                                                                         median!2!b2))))))
                                               (=> (not (= 0 1))
                                                   (and (or (not (<= median!2!a1
                                                                     median!2!b1))
                                                            (and (or (= median!1!b2
                                                                        median!2!a2)
                                                                     (not (= median!1!b2
                                                                             median!2!a2))
                                                                     (not (<= median!2!a2
                                                                              median!2!b1)))
                                                                 (or (= median!1!b2
                                                                        median!2!b1)
                                                                     (not (= median!1!b2
                                                                             median!2!b1))
                                                                     (<= median!2!a2
                                                                         median!2!b1))))
                                                        (or (<= median!2!a1
                                                                median!2!b1)
                                                            (and (or (= median!1!b2
                                                                        median!2!a1)
                                                                     (not (= median!1!b2
                                                                             median!2!a1))
                                                                     (not (<= median!2!a1
                                                                              median!2!b2)))
                                                                 (or (= median!1!b2
                                                                        median!2!b2)
                                                                     (not (= median!1!b2
                                                                             median!2!b2))
                                                                     (<= median!2!a1
                                                                         median!2!b2))))))))))))))))

Valid.

real	0m0.222s
user	0m0.296s
sys	0m0.107s
