*******************************************
****               ORHLE               ****
****     The Oracular RHLE Verifier    ****
*******************************************

:: Executions
  parity[1] (forall)
  parity[2] (exists)

:: Verification Conditions
  (=> (= parity!1!l parity!2!l)
      (and (=> (= (mod parity!1!h 2) 1)
               (and (or (not (= (mod parity!2!h 2) 1)) (= 1 1))
                    (or (= 1 0) (= (mod parity!2!h 2) 1))))
           (=> (not (= (mod parity!1!h 2) 1))
               (and (or (not (= (mod parity!2!h 2) 1)) (= 0 1))
                    (or (= 0 0) (= (mod parity!2!h 2) 1))))))

Invalid. Model:
  parity!1!h -> 0
  parity!1!l -> 3
  parity!2!h -> 1
  parity!2!l -> 3

real	0m0.087s
user	0m0.092s
sys	0m0.031s
