*******************************************
****               ORHLE               ****
****     The Oracular RHLE Verifier    ****
*******************************************

:: Executions
  buy[1] (forall)
  buy[2] (exists)

:: Verification Conditions
  (=> (and (= buy!1!spent buy!2!spent)
           (= buy!1!cost buy!2!cost)
           (= (>= buy!1!funds buy!1!cost) (>= buy!2!funds buy!2!cost)))
      (and (=> (>= buy!1!funds buy!1!cost)
               (and (or (not (>= buy!2!funds buy!2!cost))
                        (= (+ buy!1!spent buy!1!cost) (+ buy!2!spent buy!2!cost)))
                    (or (= (+ buy!1!spent buy!1!cost) buy!2!spent)
                        (>= buy!2!funds buy!2!cost))))
           (=> (not (>= buy!1!funds buy!1!cost))
               (and (or (not (>= buy!2!funds buy!2!cost))
                        (= buy!1!spent (+ buy!2!spent buy!2!cost)))
                    (or (= buy!1!spent buy!2!spent) (>= buy!2!funds buy!2!cost))))))

Valid.

real	0m0.078s
user	0m0.063s
sys	0m0.041s
