
*******************************************
****               ORHLE               ****
****     The Oracular RHLE Verifier    ****
*******************************************

:: Executions
  smith[1] (forall)
  smith[2] (forall)
  smith[3] (exists)

:: Universal Programs
[ SSeq
    [ SIf
        (BEq (AMod (AVar smith ! 1 ! secret) (ALit 2)) (ALit 0))
        (SAsgn smith ! 1 ! ret (ALit 0))
        (SAsgn smith ! 1 ! ret (ALit 1))
    , SAsgn smith ! 1 ! retVal (AVar smith ! 1 ! ret)
    ]
, SSeq
    [ SIf
        (BEq (AMod (AVar smith ! 2 ! secret) (ALit 2)) (ALit 0))
        (SAsgn smith ! 2 ! ret (ALit 0))
        (SAsgn smith ! 2 ! ret (ALit 1))
    , SAsgn smith ! 2 ! retVal (AVar smith ! 2 ! ret)
    ]
]

:: Existential Programs
[ SSeq
    [ SIf
        (BEq (AMod (AVar smith ! 3 ! secret) (ALit 2)) (ALit 0))
        (SAsgn smith ! 3 ! ret (ALit 0))
        (SAsgn smith ! 3 ! ret (ALit 1))
    , SAsgn smith ! 3 ! retVal (AVar smith ! 3 ! ret)
    ]
]

:: Universal Specifications
fromList []

:: Existential Specifications
fromList []

:: Precondition
Eq (Var smith ! 1 ! secret) (Var smith ! 3 ! secret)

:: Postcondition
Eq (Var smith ! 2 ! ret) (Var smith ! 3 ! ret)

[send->] (set-option :print-success true )
[<-recv] success
[send->] (set-option :produce-models true )
[<-recv] success
[send->] (declare-const smith!1!secret Int)
[<-recv] success
[send->] (declare-const smith!2!secret Int)
[<-recv] success
[send->] (declare-const smith!3!secret Int)
[<-recv] success
[send->] (assert (not (=> (= smith!1!secret smith!3!secret)
         (and (=> (= (mod smith!2!secret 2) 0)
                  (and (=> (= (mod smith!1!secret 2) 0)
                           (and (=> (= (mod smith!3!secret 2) 0) (= 0 0))
                                (=> (not (= (mod smith!3!secret 2) 0)) (= 0 1))))
                       (=> (not (= (mod smith!1!secret 2) 0))
                           (and (=> (= (mod smith!3!secret 2) 0) (= 0 0))
                                (=> (not (= (mod smith!3!secret 2) 0)) (= 0 1))))))
              (=> (not (= (mod smith!2!secret 2) 0))
                  (and (=> (= (mod smith!1!secret 2) 0)
                           (and (=> (= (mod smith!3!secret 2) 0) (= 1 0))
                                (=> (not (= (mod smith!3!secret 2) 0)) (= 1 1))))
                       (=> (not (= (mod smith!1!secret 2) 0))
                           (and (=> (= (mod smith!3!secret 2) 0) (= 1 0))
                                (=> (not (= (mod smith!3!secret 2) 0)) (= 1 1))))))))) )
[<-recv] success
[send->] (check-sat )
[<-recv] sat
[send->] (get-model )
[<-recv] (model (define-fun smith!3!secret () Int (- 2 ) ) (define-fun smith!2!secret () Int 3 ) (define-fun smith!1!secret () Int (- 2 ) ) )
Failure:
  (model (define-fun smith!3!secret () Int (- 2 ) ) (define-fun smith!2!secret () Int 3 ) (define-fun smith!1!secret () Int (- 2 ) ) )

real	0m0.203s
user	0m0.183s
sys	0m0.022s
