
*******************************************
****               ORHLE               ****
****     The Oracular RHLE Verifier    ****
*******************************************

:: Executions
  parity[1] (forall)
  parity[2] (exists)

:: Universal Programs
[ SSeq
    [ SIf
        (BEq (AMod (AVar parity ! 1 ! h) (ALit 2)) (ALit 1))
        (SSeq
           [ SAsgn parity ! 1 ! l (ALit 1) , SAsgn parity ! 1 ! h (ALit 1) ])
        (SSeq
           [ SAsgn parity ! 1 ! l (ALit 0) , SAsgn parity ! 1 ! h (ALit 0) ])
    , SAsgn parity ! 1 ! parity ! retVal (ALit 0)
    ]
]

:: Existential Programs
[ SSeq
    [ SIf
        (BEq (AMod (AVar parity ! 2 ! h) (ALit 2)) (ALit 1))
        (SSeq
           [ SAsgn parity ! 2 ! l (ALit 1) , SAsgn parity ! 2 ! h (ALit 1) ])
        (SSeq
           [ SAsgn parity ! 2 ! l (ALit 0) , SAsgn parity ! 2 ! h (ALit 0) ])
    , SAsgn parity ! 2 ! parity ! retVal (ALit 0)
    ]
]

:: Universal Specifications
fromList []

:: Existential Specifications
fromList []

:: Precondition
And
  [ Eq (Var parity ! 1 ! l) (Var parity ! 2 ! l)
  , Eq
      (Mod (Var parity ! 1 ! h) (Num 2))
      (Mod (Var parity ! 2 ! h) (Num 2))
  ]

:: Postcondition
Eq (Var parity ! 1 ! l) (Var parity ! 2 ! l)

[send->] (set-option :print-success true )
[<-recv] success
[send->] (set-option :produce-models true )
[<-recv] success
[send->] (declare-const parity!1!h Int)
[<-recv] success
[send->] (declare-const parity!1!l Int)
[<-recv] success
[send->] (declare-const parity!2!h Int)
[<-recv] success
[send->] (declare-const parity!2!l Int)
[<-recv] success
[send->] (assert (not (=> (and (= parity!1!l parity!2!l) (= (mod parity!1!h 2) (mod parity!2!h 2))) (and (=> (= (mod parity!2!h 2) 1) (and (=> (= (mod parity!1!h 2) 1) (= 1 1)) (=> (not (= (mod parity!1!h 2) 1)) (= 0 1)))) (=> (not (= (mod parity!2!h 2) 1)) (and (=> (= (mod parity!1!h 2) 1) (= 1 0)) (=> (not (= (mod parity!1!h 2) 1)) (= 0 0))))))) )
[<-recv] success
[send->] (check-sat )
[<-recv] unsat
[send->] (exit )
Valid.

real	0m0.188s
user	0m0.163s
sys	0m0.029s
